2021-01-02 12:37:18,922 : INFO : Start of Prediction
2021-01-02 12:37:18,922 : INFO : run_id:2021-01-02_123718_910100711
2021-01-02 12:37:18,922 : INFO : Start of Preprocessing...
2021-01-02 12:37:18,922 : INFO : Start of feature encoding...
2021-01-02 12:37:18,939 : INFO : End of feature encoding...
2021-01-02 12:37:18,940 : INFO : Start of Droping Columns...
2021-01-02 12:37:18,942 : INFO : End of Droping Columns...
2021-01-02 12:37:18,942 : INFO : Start of finding missing values...
2021-01-02 12:37:18,943 : INFO : End of finding missing values...
2021-01-02 12:37:18,943 : INFO : Start of building final predictset...
2021-01-02 12:37:18,972 : INFO : End of building final predictset...
2021-01-02 12:37:18,973 : INFO : End of Preprocessing...
2021-01-02 12:37:18,973 : INFO : Start of Load Models
2021-01-02 12:37:18,973 : INFO : Model File KMeans loaded
2021-01-02 12:37:18,973 : INFO : End of Load Model
2021-01-02 12:37:18,976 : INFO : clusters loop started
2021-01-02 12:37:18,981 : INFO : Start of finding correct model
2021-01-02 12:37:18,982 : INFO : End of finding correct model
2021-01-02 12:37:18,983 : INFO : Start of Load Models
2021-01-02 12:37:18,983 : INFO : Model File XGBoost2 loaded
2021-01-02 12:37:18,983 : INFO : End of Load Model
2021-01-02 12:37:18,992 : INFO : Shape of Data (1, 9)
2021-01-02 12:37:19,004 : INFO : Shape of Data None
2021-01-02 12:37:19,007 : INFO : Output : [0.]
2021-01-02 12:37:19,007 : INFO : End of Prediction
