2021-01-02 12:40:08,532 : INFO : Start of Prediction
2021-01-02 12:40:08,532 : INFO : run_id:2021-01-02_124008_117608548
2021-01-02 12:40:08,532 : INFO : Start of Preprocessing...
2021-01-02 12:40:08,533 : INFO : Start of feature encoding...
2021-01-02 12:40:08,554 : INFO : End of feature encoding...
2021-01-02 12:40:08,558 : INFO : Start of Droping Columns...
2021-01-02 12:40:08,562 : INFO : End of Droping Columns...
2021-01-02 12:40:08,563 : INFO : Start of finding missing values...
2021-01-02 12:40:08,566 : INFO : End of finding missing values...
2021-01-02 12:40:08,566 : INFO : Start of building final predictset...
2021-01-02 12:40:08,579 : INFO : End of building final predictset...
2021-01-02 12:40:08,579 : INFO : End of Preprocessing...
2021-01-02 12:40:08,579 : INFO : Start of Load Models
2021-01-02 12:40:08,580 : INFO : Model File KMeans loaded
2021-01-02 12:40:08,580 : INFO : End of Load Model
2021-01-02 12:40:08,587 : INFO : clusters loop started
2021-01-02 12:40:08,591 : INFO : Start of finding correct model
2021-01-02 12:40:08,591 : INFO : End of finding correct model
2021-01-02 12:40:08,591 : INFO : Start of Load Models
2021-01-02 12:40:08,591 : INFO : Model File XGBoost2 loaded
2021-01-02 12:40:08,592 : INFO : End of Load Model
2021-01-02 12:40:08,601 : INFO : Shape of Data (1, 9)
2021-01-02 12:40:08,606 : INFO : Shape of Data None
2021-01-02 12:40:08,618 : INFO : Output : [0.]
2021-01-02 12:40:08,618 : INFO : End of Prediction
