2021-01-02 12:37:20,583 : INFO : Start of Prediction
2021-01-02 12:37:20,584 : INFO : run_id:2021-01-02_123720_422796481
2021-01-02 12:37:20,584 : INFO : Start of Preprocessing...
2021-01-02 12:37:20,584 : INFO : Start of feature encoding...
2021-01-02 12:37:20,593 : INFO : End of feature encoding...
2021-01-02 12:37:20,597 : INFO : Start of Droping Columns...
2021-01-02 12:37:20,604 : INFO : End of Droping Columns...
2021-01-02 12:37:20,604 : INFO : Start of finding missing values...
2021-01-02 12:37:20,605 : INFO : End of finding missing values...
2021-01-02 12:37:20,606 : INFO : Start of building final predictset...
2021-01-02 12:37:20,622 : INFO : End of building final predictset...
2021-01-02 12:37:20,622 : INFO : End of Preprocessing...
2021-01-02 12:37:20,623 : INFO : Start of Load Models
2021-01-02 12:37:20,623 : INFO : Model File KMeans loaded
2021-01-02 12:37:20,623 : INFO : End of Load Model
2021-01-02 12:37:20,626 : INFO : clusters loop started
2021-01-02 12:37:20,634 : INFO : Start of finding correct model
2021-01-02 12:37:20,635 : INFO : End of finding correct model
2021-01-02 12:37:20,635 : INFO : Start of Load Models
2021-01-02 12:37:20,635 : INFO : Model File XGBoost2 loaded
2021-01-02 12:37:20,635 : INFO : End of Load Model
2021-01-02 12:37:20,640 : INFO : Shape of Data (1, 9)
2021-01-02 12:37:20,644 : INFO : Shape of Data None
2021-01-02 12:37:20,652 : INFO : Output : [0.]
2021-01-02 12:37:20,652 : INFO : End of Prediction
