2021-01-02 12:48:17,703 : INFO : Start of Prediction
2021-01-02 12:48:17,703 : INFO : run_id:2021-01-02_124817_746051497
2021-01-02 12:48:17,704 : INFO : Start of Preprocessing...
2021-01-02 12:48:17,704 : INFO : Start of feature encoding...
2021-01-02 12:48:17,713 : INFO : End of feature encoding...
2021-01-02 12:48:17,717 : INFO : Start of Droping Columns...
2021-01-02 12:48:17,722 : INFO : End of Droping Columns...
2021-01-02 12:48:17,723 : INFO : Start of finding missing values...
2021-01-02 12:48:17,724 : INFO : End of finding missing values...
2021-01-02 12:48:17,724 : INFO : Start of building final predictset...
2021-01-02 12:48:17,741 : INFO : End of building final predictset...
2021-01-02 12:48:17,742 : INFO : End of Preprocessing...
2021-01-02 12:48:17,742 : INFO : Start of Load Models
2021-01-02 12:48:17,742 : INFO : Model File KMeans loaded
2021-01-02 12:48:17,742 : INFO : End of Load Model
2021-01-02 12:48:17,754 : INFO : clusters loop started
2021-01-02 12:48:17,757 : INFO : Start of finding correct model
2021-01-02 12:48:17,757 : INFO : End of finding correct model
2021-01-02 12:48:17,757 : INFO : Start of Load Models
2021-01-02 12:48:17,757 : INFO : Model File XGBoost2 loaded
2021-01-02 12:48:17,757 : INFO : End of Load Model
2021-01-02 12:48:17,766 : INFO : Shape of Data (1, 9)
2021-01-02 12:48:17,774 : INFO : Shape of Data None
2021-01-02 12:48:17,779 : INFO : Output : [0.]
2021-01-02 12:48:17,780 : INFO : End of Prediction
