2021-01-02 12:37:08,051 : INFO : Start of Prediction
2021-01-02 12:37:08,052 : INFO : run_id:2021-01-02_123708_143767512
2021-01-02 12:37:08,052 : INFO : Start of Preprocessing...
2021-01-02 12:37:08,052 : INFO : Start of feature encoding...
2021-01-02 12:37:08,071 : INFO : End of feature encoding...
2021-01-02 12:37:08,073 : INFO : Start of Droping Columns...
2021-01-02 12:37:08,075 : INFO : End of Droping Columns...
2021-01-02 12:37:08,075 : INFO : Start of finding missing values...
2021-01-02 12:37:08,076 : INFO : End of finding missing values...
2021-01-02 12:37:08,076 : INFO : Start of building final predictset...
2021-01-02 12:37:08,089 : INFO : End of building final predictset...
2021-01-02 12:37:08,089 : INFO : End of Preprocessing...
2021-01-02 12:37:08,089 : INFO : Start of Load Models
2021-01-02 12:37:08,090 : INFO : Model File KMeans loaded
2021-01-02 12:37:08,090 : INFO : End of Load Model
2021-01-02 12:37:08,097 : INFO : clusters loop started
2021-01-02 12:37:08,103 : INFO : Start of finding correct model
2021-01-02 12:37:08,103 : INFO : End of finding correct model
2021-01-02 12:37:08,103 : INFO : Start of Load Models
2021-01-02 12:37:08,103 : INFO : Model File XGBoost2 loaded
2021-01-02 12:37:08,103 : INFO : End of Load Model
2021-01-02 12:37:08,208 : INFO : Shape of Data (1, 9)
2021-01-02 12:37:08,217 : INFO : Shape of Data None
2021-01-02 12:37:08,221 : INFO : Output : [0.]
2021-01-02 12:37:08,221 : INFO : End of Prediction
