2021-01-02 12:47:20,768 : INFO : Start of Prediction
2021-01-02 12:47:20,768 : INFO : run_id:2021-01-02_124720_878548969
2021-01-02 12:47:20,768 : INFO : Start of Preprocessing...
2021-01-02 12:47:20,768 : INFO : Start of feature encoding...
2021-01-02 12:47:20,789 : INFO : End of feature encoding...
2021-01-02 12:47:20,790 : INFO : Start of Droping Columns...
2021-01-02 12:47:20,792 : INFO : End of Droping Columns...
2021-01-02 12:47:20,792 : INFO : Start of finding missing values...
2021-01-02 12:47:20,796 : INFO : End of finding missing values...
2021-01-02 12:47:20,796 : INFO : Start of building final predictset...
2021-01-02 12:47:20,816 : INFO : End of building final predictset...
2021-01-02 12:47:20,817 : INFO : End of Preprocessing...
2021-01-02 12:47:20,817 : INFO : Start of Load Models
2021-01-02 12:47:20,818 : INFO : Model File KMeans loaded
2021-01-02 12:47:20,818 : INFO : End of Load Model
2021-01-02 12:47:20,823 : INFO : clusters loop started
2021-01-02 12:47:20,826 : INFO : Start of finding correct model
2021-01-02 12:47:20,827 : INFO : End of finding correct model
2021-01-02 12:47:20,827 : INFO : Start of Load Models
2021-01-02 12:47:20,828 : INFO : Model File XGBoost2 loaded
2021-01-02 12:47:20,828 : INFO : End of Load Model
2021-01-02 12:47:20,851 : INFO : Shape of Data (1, 9)
2021-01-02 12:47:20,858 : INFO : Shape of Data None
2021-01-02 12:47:20,871 : INFO : Output : [0.]
2021-01-02 12:47:20,872 : INFO : End of Prediction
