2020-12-31 14:52:26,095 : INFO : Start of Training
2020-12-31 14:52:26,096 : INFO : Run_id:2020-12-31_145226_308937908
2020-12-31 14:52:26,096 : INFO : Start of Data Load, validation and transformation
2020-12-31 14:52:26,097 : INFO : Start of Archiving Old Rejected Files...
2020-12-31 14:52:26,097 : INFO : End of Archiving Old Rejected Files...
2020-12-31 14:52:26,097 : INFO : Start of Archiving Old Validating Files...
2020-12-31 14:52:26,108 : INFO : End of Archiving Old Validation Files..
2020-12-31 14:52:26,112 : INFO : Start of Archiving Old Processed Files...
2020-12-31 14:52:26,113 : INFO : End of Archiving Old Processed Files...
2020-12-31 14:52:26,113 : INFO : Start of Archiving Old Result Files...
2020-12-31 14:52:26,113 : INFO : End of Archiving Old Result Files...
2020-12-31 14:52:26,114 : INFO : Start of Reading values from Schema...
2020-12-31 14:52:26,114 : INFO : End of Reading values from Schema...
2020-12-31 14:52:26,115 : INFO : Start of Validating Column Length...
2020-12-31 14:52:26,123 : INFO : End of Validating Column Length...
2020-12-31 14:52:26,123 : INFO : Start of Validating Missing Values...
2020-12-31 14:52:26,123 : INFO : Start of Replacing Missing Values with NULL...
2020-12-31 14:52:26,123 : INFO : End of Replacing Missing Values with NULL...
2020-12-31 14:52:26,124 : INFO : Start of Creating Table...
2020-12-31 14:52:26,124 : INFO : Opened training database successfully
2020-12-31 14:52:26,124 : INFO : Tables created successfully
2020-12-31 14:52:26,124 : INFO : Closed training database successfully
2020-12-31 14:52:26,125 : INFO : Opened training database successfully
2020-12-31 14:52:26,125 : INFO : Start of Inserting Data into Table...
2020-12-31 14:52:26,125 : INFO : Start of Exporting Data into CSV...
2020-12-31 14:52:26,125 : INFO : Opened training database successfully
2020-12-31 14:52:26,400 : INFO : End of Exporting Data into CSV...
2020-12-31 14:52:26,405 : INFO : Start of Moving Processed Files...
2020-12-31 14:52:26,405 : INFO : End of Moving Processed Files...
2020-12-31 14:52:26,406 : INFO : End of Data Load, validation and transformation
2020-12-31 14:52:26,406 : INFO : Start of Preprocessing...
2020-12-31 14:52:26,406 : INFO : Start of reading dataset...
2020-12-31 14:52:26,450 : INFO : End of reading dataset...
2020-12-31 14:52:26,451 : INFO : Start of Droping Columns...
2020-12-31 14:52:26,457 : INFO : End of Droping Columns...
2020-12-31 14:52:26,458 : INFO : Start of feature encoding...
2020-12-31 14:52:26,484 : INFO : End of feature encoding...
2020-12-31 14:52:26,493 : INFO : Start of Droping Columns...
2020-12-31 14:52:26,500 : INFO : End of Droping Columns...
2020-12-31 14:52:26,500 : INFO : Start of finding missing values...
2020-12-31 14:52:26,515 : INFO : End of finding missing values...
2020-12-31 14:52:26,516 : INFO : Start of imputing missing values...
2020-12-31 14:52:26,601 : INFO : End of imputing missing values...
2020-12-31 14:52:26,601 : INFO : Start of splitting features and label ...
2020-12-31 14:52:26,610 : INFO : End of splitting features and label ...
2020-12-31 14:52:26,610 : INFO : End of Preprocessing...
2020-12-31 14:52:26,611 : INFO : Start of elbow plotting...
2020-12-31 14:52:40,841 : INFO : The optimum number of clusters is: 3
2020-12-31 14:52:40,841 : INFO : End of elbow plotting...
2020-12-31 14:52:40,842 : INFO : Start of Create clusters...
2020-12-31 14:52:41,635 : INFO : Start of Save Models
2020-12-31 14:52:41,635 : INFO : Start of Save Models
2020-12-31 14:52:41,645 : INFO : Model File KMeans saved
2020-12-31 14:52:41,645 : INFO : Model File KMeans saved
2020-12-31 14:52:41,646 : INFO : End of Save Models
2020-12-31 14:52:41,646 : INFO : End of Save Models
2020-12-31 14:52:41,647 : INFO : succesfully created 3clusters.
2020-12-31 14:52:41,647 : INFO : End of Create clusters...
2020-12-31 14:52:41,680 : INFO : Start of finding best model...
2020-12-31 14:52:41,680 : INFO : Start of finding best params for XGBoost algo...
2020-12-31 14:56:39,497 : INFO : XGBoost best params: {'learning_rate': 0.5, 'max_depth': 20, 'n_estimators': 200}
2020-12-31 14:56:39,498 : INFO : End of finding best params for XGBoost algo...
2020-12-31 14:56:39,523 : INFO : AUC for XGBoost:1.0
2020-12-31 14:56:39,523 : INFO : Start of finding best params for randomforest algo...
2020-12-31 14:57:48,685 : INFO : Random Forest best params: {'criterion': 'gini', 'max_depth': 3, 'max_features': 'log2', 'n_estimators': 10}
2020-12-31 14:57:48,685 : INFO : End of finding best params for randomforest algo...
2020-12-31 14:57:48,697 : INFO : AUC for XGBoost:0.9621520629755151
2020-12-31 14:57:48,697 : INFO : End of finding best model...
2020-12-31 14:57:48,697 : INFO : Start of Save Models
2020-12-31 14:57:48,697 : INFO : Start of Save Models
2020-12-31 14:57:48,708 : INFO : Model File XGBoost2 saved
2020-12-31 14:57:48,708 : INFO : Model File XGBoost2 saved
2020-12-31 14:57:48,708 : INFO : End of Save Models
2020-12-31 14:57:48,708 : INFO : End of Save Models
2020-12-31 14:57:48,719 : INFO : Start of finding best model...
2020-12-31 14:57:48,719 : INFO : Start of finding best params for XGBoost algo...
2020-12-31 15:01:34,363 : INFO : XGBoost best params: {'learning_rate': 0.1, 'max_depth': 10, 'n_estimators': 200}
2020-12-31 15:01:34,364 : INFO : End of finding best params for XGBoost algo...
2020-12-31 15:01:34,397 : INFO : AUC for XGBoost:0.9962088961184529
2020-12-31 15:01:34,397 : INFO : Start of finding best params for randomforest algo...
2020-12-31 15:02:36,282 : INFO : Random Forest best params: {'criterion': 'entropy', 'max_depth': 3, 'max_features': 'auto', 'n_estimators': 50}
2020-12-31 15:02:36,283 : INFO : End of finding best params for randomforest algo...
2020-12-31 15:02:36,306 : INFO : AUC for XGBoost:0.9500950260672902
2020-12-31 15:02:36,306 : INFO : End of finding best model...
2020-12-31 15:02:36,306 : INFO : Start of Save Models
2020-12-31 15:02:36,306 : INFO : Start of Save Models
2020-12-31 15:02:36,312 : INFO : Model File XGBoost0 saved
2020-12-31 15:02:36,312 : INFO : Model File XGBoost0 saved
2020-12-31 15:02:36,312 : INFO : End of Save Models
2020-12-31 15:02:36,312 : INFO : End of Save Models
2020-12-31 15:02:36,321 : INFO : Start of finding best model...
2020-12-31 15:02:36,321 : INFO : Start of finding best params for XGBoost algo...
2020-12-31 15:05:33,530 : INFO : XGBoost best params: {'learning_rate': 0.5, 'max_depth': 5, 'n_estimators': 200}
2020-12-31 15:05:33,531 : INFO : End of finding best params for XGBoost algo...
2020-12-31 15:05:33,552 : INFO : AUC for XGBoost:0.9993946731234866
2020-12-31 15:05:33,552 : INFO : Start of finding best params for randomforest algo...
2020-12-31 15:06:36,152 : INFO : Random Forest best params: {'criterion': 'entropy', 'max_depth': 3, 'max_features': 'auto', 'n_estimators': 100}
2020-12-31 15:06:36,152 : INFO : End of finding best params for randomforest algo...
2020-12-31 15:06:36,192 : INFO : AUC for XGBoost:0.8157350724108
2020-12-31 15:06:36,193 : INFO : End of finding best model...
2020-12-31 15:06:36,193 : INFO : Start of Save Models
2020-12-31 15:06:36,193 : INFO : Start of Save Models
2020-12-31 15:06:36,197 : INFO : Model File XGBoost1 saved
2020-12-31 15:06:36,197 : INFO : Model File XGBoost1 saved
2020-12-31 15:06:36,197 : INFO : End of Save Models
2020-12-31 15:06:36,197 : INFO : End of Save Models
2020-12-31 15:06:36,198 : INFO : End of Training
